<?xml version="1.0" encoding="UTF-8"?>
<!-- Generated by org.testng.reporters.JUnitReportReporter -->
<testsuite hostname="DESKTOP-BRTJDSS" failures="0" tests="1" name="seleniumPract.NewTest" time="0.054" errors="0" timestamp="2023-10-14T14:45:55 IST" skipped="0">
  <testcase classname="seleniumPract.NewTest" name="f" time="0.054"/>
</testsuite> <!-- seleniumPract.NewTest -->
